time, name, value, enum, units
"2019-03-26 16:40:14.128","EngineRPM","0","","RPM"
"2019-03-26 16:40:14.128","OutletTemperature","0.000000","","fahrenheit"
"2019-03-26 16:40:14.128","HighPressure","0.000000","","psi"
"2019-03-26 16:40:14.128","LowPressure","0.000000","","psi"
"2019-03-26 16:40:14.129","FlowRate","0.000000","","BPM"
"2019-03-26 16:40:14.129","TotalBarrels","0","","bbl"
"2019-03-26 16:40:16.228","EngineRPM","0","","RPM"
"2019-03-26 16:40:16.228","OutletTemperature","0.000000","","fahrenheit"
"2019-03-26 16:40:16.228","HighPressure","0.000000","","psi"
"2019-03-26 16:40:16.228","LowPressure","0.000000","","psi"
"2019-03-26 16:40:16.230","FlowRate","0.000000","","BPM"
"2019-03-26 16:40:16.230","TotalBarrels","0","","bbl"
"2019-03-26 16:40:18.328","EngineRPM","0","","RPM"
"2019-03-26 16:40:18.328","OutletTemperature","0.000000","","fahrenheit"
"2019-03-26 16:40:18.328","HighPressure","0.000000","","psi"
"2019-03-26 16:40:18.328","LowPressure","0.000000","","psi"
"2019-03-26 16:40:18.328","FlowRate","0.000000","","BPM"
"2019-03-26 16:40:18.328","TotalBarrels","0","","bbl"
"2019-03-26 16:40:20.428","EngineRPM","0","","RPM"
"2019-03-26 16:40:20.428","OutletTemperature","0.000000","","fahrenheit"
"2019-03-26 16:40:20.428","HighPressure","0.000000","","psi"
"2019-03-26 16:40:20.428","LowPressure","0.000000","","psi"
"2019-03-26 16:40:20.428","FlowRate","0.000000","","BPM"
"2019-03-26 16:40:20.428","TotalBarrels","0","","bbl"
"2019-03-26 16:40:22.528","EngineRPM","0","","RPM"
"2019-03-26 16:40:22.528","OutletTemperature","0.000000","","fahrenheit"
"2019-03-26 16:40:22.528","HighPressure","0.000000","","psi"
"2019-03-26 16:40:22.528","LowPressure","0.000000","","psi"
"2019-03-26 16:40:22.528","FlowRate","0.000000","","BPM"
"2019-03-26 16:40:22.528","TotalBarrels","0","","bbl"
"2019-03-26 16:40:24.628","EngineRPM","0","","RPM"
"2019-03-26 16:40:24.628","OutletTemperature","0.000000","","fahrenheit"
"2019-03-26 16:40:24.628","HighPressure","0.000000","","psi"
"2019-03-26 16:40:24.628","LowPressure","0.000000","","psi"
"2019-03-26 16:40:24.628","FlowRate","0.000000","","BPM"
"2019-03-26 16:40:24.628","TotalBarrels","0","","bbl"
"2019-03-26 16:40:26.728","EngineRPM","0","","RPM"
"2019-03-26 16:40:26.728","OutletTemperature","0.000000","","fahrenheit"
"2019-03-26 16:40:26.728","HighPressure","0.000000","","psi"
"2019-03-26 16:40:26.728","LowPressure","0.000000","","psi"
"2019-03-26 16:40:26.728","FlowRate","0.000000","","BPM"
"2019-03-26 16:40:26.728","TotalBarrels","0","","bbl"
"2019-03-26 16:40:28.827","EngineRPM","0","","RPM"
"2019-03-26 16:40:28.827","OutletTemperature","0.000000","","fahrenheit"
"2019-03-26 16:40:28.827","HighPressure","0.000000","","psi"
"2019-03-26 16:40:28.827","LowPressure","0.000000","","psi"
"2019-03-26 16:40:28.828","FlowRate","0.000000","","BPM"
"2019-03-26 16:40:28.828","TotalBarrels","0","","bbl"
"2019-03-26 16:40:30.827","EngineRPM","0","","RPM"
"2019-03-26 16:40:30.827","OutletTemperature","0.000000","","fahrenheit"
"2019-03-26 16:40:30.827","HighPressure","0.000000","","psi"
"2019-03-26 16:40:30.827","LowPressure","0.000000","","psi"
"2019-03-26 16:40:30.928","FlowRate","0.000000","","BPM"
"2019-03-26 16:40:30.928","TotalBarrels","0","","bbl"
"2019-03-26 16:40:32.927","EngineRPM","0","","RPM"
"2019-03-26 16:40:32.927","OutletTemperature","0.000000","","fahrenheit"
"2019-03-26 16:40:32.927","HighPressure","0.000000","","psi"
"2019-03-26 16:40:32.927","LowPressure","0.000000","","psi"
"2019-03-26 16:40:32.928","FlowRate","0.000000","","BPM"
"2019-03-26 16:40:32.928","TotalBarrels","0","","bbl"
"2019-03-26 16:40:34.927","EngineRPM","0","","RPM"
"2019-03-26 16:40:34.927","OutletTemperature","0.000000","","fahrenheit"
"2019-03-26 16:40:34.927","HighPressure","0.000000","","psi"
"2019-03-26 16:40:34.927","LowPressure","0.000000","","psi"
"2019-03-26 16:40:34.928","FlowRate","0.000000","","BPM"
"2019-03-26 16:40:34.928","TotalBarrels","0","","bbl"
"2019-03-26 16:40:36.927","EngineRPM","0","","RPM"
"2019-03-26 16:40:36.927","OutletTemperature","0.000000","","fahrenheit"
"2019-03-26 16:40:36.927","HighPressure","0.000000","","psi"
"2019-03-26 16:40:36.927","LowPressure","0.000000","","psi"
"2019-03-26 16:40:36.928","FlowRate","0.000000","","BPM"
"2019-03-26 16:40:36.928","TotalBarrels","0","","bbl"
"2019-03-26 16:40:39.027","EngineRPM","0","","RPM"
"2019-03-26 16:40:39.027","OutletTemperature","0.000000","","fahrenheit"
"2019-03-26 16:40:39.027","HighPressure","0.000000","","psi"
"2019-03-26 16:40:39.027","LowPressure","0.000000","","psi"
"2019-03-26 16:40:39.028","FlowRate","0.000000","","BPM"
"2019-03-26 16:40:39.028","TotalBarrels","0","","bbl"
"2019-03-26 16:40:41.127","EngineRPM","0","","RPM"
"2019-03-26 16:40:41.127","OutletTemperature","0.000000","","fahrenheit"
"2019-03-26 16:40:41.127","HighPressure","0.000000","","psi"
"2019-03-26 16:40:41.127","LowPressure","0.000000","","psi"
"2019-03-26 16:40:41.128","FlowRate","0.000000","","BPM"
"2019-03-26 16:40:41.128","TotalBarrels","0","","bbl"
"2019-03-26 16:40:43.227","EngineRPM","0","","RPM"
"2019-03-26 16:40:43.227","OutletTemperature","0.000000","","fahrenheit"
"2019-03-26 16:40:43.227","HighPressure","0.000000","","psi"
"2019-03-26 16:40:43.227","LowPressure","0.000000","","psi"
"2019-03-26 16:40:43.228","FlowRate","0.000000","","BPM"
"2019-03-26 16:40:43.228","TotalBarrels","0","","bbl"
"2019-03-26 16:40:45.227","EngineRPM","0","","RPM"
"2019-03-26 16:40:45.227","OutletTemperature","0.000000","","fahrenheit"
"2019-03-26 16:40:45.227","HighPressure","0.000000","","psi"
"2019-03-26 16:40:45.227","LowPressure","0.000000","","psi"
"2019-03-26 16:40:45.228","FlowRate","0.000000","","BPM"
"2019-03-26 16:40:45.228","TotalBarrels","0","","bbl"
"2019-03-26 16:40:47.327","EngineRPM","0","","RPM"
"2019-03-26 16:40:47.327","OutletTemperature","0.000000","","fahrenheit"
"2019-03-26 16:40:47.327","HighPressure","625.000000","","psi"
"2019-03-26 16:40:47.327","LowPressure","0.000000","","psi"
"2019-03-26 16:40:47.328","FlowRate","0.000000","","BPM"
"2019-03-26 16:40:47.328","TotalBarrels","0","","bbl"
"2019-03-26 16:40:49.427","EngineRPM","0","","RPM"
"2019-03-26 16:40:49.427","OutletTemperature","0.000000","","fahrenheit"
"2019-03-26 16:40:49.427","HighPressure","625.000000","","psi"
"2019-03-26 16:40:49.427","LowPressure","0.000000","","psi"
"2019-03-26 16:40:49.428","FlowRate","0.000000","","BPM"
"2019-03-26 16:40:49.428","TotalBarrels","0","","bbl"
"2019-03-26 16:40:51.427","EngineRPM","0","","RPM"
"2019-03-26 16:40:51.427","OutletTemperature","0.000000","","fahrenheit"
"2019-03-26 16:40:51.427","HighPressure","625.000000","","psi"
"2019-03-26 16:40:51.427","LowPressure","31.000000","","psi"
"2019-03-26 16:40:51.528","FlowRate","0.000000","","BPM"
"2019-03-26 16:40:51.528","TotalBarrels","0","","bbl"
"2019-03-26 16:40:53.527","EngineRPM","0","","RPM"
"2019-03-26 16:40:53.527","OutletTemperature","0.000000","","fahrenheit"
"2019-03-26 16:40:53.527","HighPressure","625.000000","","psi"
"2019-03-26 16:40:53.527","LowPressure","31.000000","","psi"
"2019-03-26 16:40:53.528","FlowRate","0.000000","","BPM"
"2019-03-26 16:40:53.528","TotalBarrels","0","","bbl"
"2019-03-26 16:40:55.527","EngineRPM","0","","RPM"
"2019-03-26 16:40:55.527","OutletTemperature","12.000000","","fahrenheit"
"2019-03-26 16:40:55.527","HighPressure","625.000000","","psi"
"2019-03-26 16:40:55.527","LowPressure","31.000000","","psi"
"2019-03-26 16:40:55.628","FlowRate","0.000000","","BPM"
"2019-03-26 16:40:55.628","TotalBarrels","0","","bbl"
"2019-03-26 16:40:57.627","EngineRPM","0","","RPM"
"2019-03-26 16:40:57.627","OutletTemperature","12.000000","","fahrenheit"
"2019-03-26 16:40:57.627","HighPressure","625.000000","","psi"
"2019-03-26 16:40:57.627","LowPressure","31.000000","","psi"
"2019-03-26 16:40:57.628","FlowRate","0.000000","","BPM"
"2019-03-26 16:40:57.628","TotalBarrels","0","","bbl"
"2019-03-26 16:40:59.727","EngineRPM","0","","RPM"
"2019-03-26 16:40:59.727","OutletTemperature","12.000000","","fahrenheit"
"2019-03-26 16:40:59.727","HighPressure","625.000000","","psi"
"2019-03-26 16:40:59.727","LowPressure","31.000000","","psi"
"2019-03-26 16:40:59.728","FlowRate","0.000000","","BPM"
"2019-03-26 16:40:59.728","TotalBarrels","0","","bbl"
"2019-03-26 16:41:01.827","EngineRPM","0","","RPM"
"2019-03-26 16:41:01.827","OutletTemperature","50.000000","","fahrenheit"
"2019-03-26 16:41:01.827","HighPressure","625.000000","","psi"
"2019-03-26 16:41:01.827","LowPressure","31.000000","","psi"
"2019-03-26 16:41:01.828","FlowRate","0.000000","","BPM"
"2019-03-26 16:41:01.828","TotalBarrels","0","","bbl"
"2019-03-26 16:41:03.827","EngineRPM","0","","RPM"
"2019-03-26 16:41:03.827","OutletTemperature","50.000000","","fahrenheit"
"2019-03-26 16:41:03.827","HighPressure","625.000000","","psi"
"2019-03-26 16:41:03.827","LowPressure","31.000000","","psi"
"2019-03-26 16:41:03.928","FlowRate","0.000000","","BPM"
"2019-03-26 16:41:03.928","TotalBarrels","0","","bbl"
"2019-03-26 16:41:05.927","EngineRPM","0","","RPM"
"2019-03-26 16:41:05.927","OutletTemperature","50.000000","","fahrenheit"
"2019-03-26 16:41:05.927","HighPressure","625.000000","","psi"
"2019-03-26 16:41:05.927","LowPressure","31.000000","","psi"
"2019-03-26 16:41:06.028","FlowRate","2.500000","","BPM"
"2019-03-26 16:41:06.028","TotalBarrels","0","","bbl"
"2019-03-26 16:41:07.927","EngineRPM","0","","RPM"
"2019-03-26 16:41:07.927","OutletTemperature","50.000000","","fahrenheit"
"2019-03-26 16:41:07.927","HighPressure","625.000000","","psi"
"2019-03-26 16:41:07.927","LowPressure","31.000000","","psi"
"2019-03-26 16:41:08.128","FlowRate","2.500000","","BPM"
"2019-03-26 16:41:08.128","TotalBarrels","0","","bbl"
"2019-03-26 16:41:10.027","EngineRPM","0","","RPM"
"2019-03-26 16:41:10.027","OutletTemperature","50.000000","","fahrenheit"
"2019-03-26 16:41:10.027","HighPressure","625.000000","","psi"
"2019-03-26 16:41:10.027","LowPressure","31.000000","","psi"
"2019-03-26 16:41:10.228","FlowRate","2.500000","","BPM"
"2019-03-26 16:41:10.228","TotalBarrels","0","","bbl"
"2019-03-26 16:41:12.127","EngineRPM","250","","RPM"
"2019-03-26 16:41:12.127","OutletTemperature","50.000000","","fahrenheit"
"2019-03-26 16:41:12.127","HighPressure","625.000000","","psi"
"2019-03-26 16:41:12.127","LowPressure","31.000000","","psi"
"2019-03-26 16:41:12.328","FlowRate","2.500000","","BPM"
"2019-03-26 16:41:12.328","TotalBarrels","0","","bbl"
"2019-03-26 16:41:14.227","EngineRPM","250","","RPM"
"2019-03-26 16:41:14.227","OutletTemperature","50.000000","","fahrenheit"
"2019-03-26 16:41:14.227","HighPressure","625.000000","","psi"
"2019-03-26 16:41:14.227","LowPressure","31.000000","","psi"
"2019-03-26 16:41:14.428","FlowRate","2.500000","","BPM"
"2019-03-26 16:41:14.428","TotalBarrels","0","","bbl"
"2019-03-26 16:41:16.327","EngineRPM","250","","RPM"
"2019-03-26 16:41:16.327","OutletTemperature","50.000000","","fahrenheit"
"2019-03-26 16:41:16.327","HighPressure","625.000000","","psi"
"2019-03-26 16:41:16.327","LowPressure","31.000000","","psi"
"2019-03-26 16:41:16.528","FlowRate","2.500000","","BPM"
"2019-03-26 16:41:16.528","TotalBarrels","0","","bbl"
"2019-03-26 16:41:18.327","EngineRPM","250","","RPM"
"2019-03-26 16:41:18.327","OutletTemperature","50.000000","","fahrenheit"
"2019-03-26 16:41:18.327","HighPressure","625.000000","","psi"
"2019-03-26 16:41:18.327","LowPressure","31.000000","","psi"
"2019-03-26 16:41:18.528","FlowRate","2.500000","","BPM"
"2019-03-26 16:41:18.528","TotalBarrels","0","","bbl"
"2019-03-26 16:41:20.427","EngineRPM","250","","RPM"
"2019-03-26 16:41:20.427","OutletTemperature","50.000000","","fahrenheit"
"2019-03-26 16:41:20.427","HighPressure","625.000000","","psi"
"2019-03-26 16:41:20.427","LowPressure","31.000000","","psi"
"2019-03-26 16:41:20.628","FlowRate","2.500000","","BPM"
"2019-03-26 16:41:20.628","TotalBarrels","0","","bbl"
"2019-03-26 16:41:22.427","EngineRPM","250","","RPM"
"2019-03-26 16:41:22.427","OutletTemperature","50.000000","","fahrenheit"
"2019-03-26 16:41:22.427","HighPressure","625.000000","","psi"
"2019-03-26 16:41:22.427","LowPressure","31.000000","","psi"
"2019-03-26 16:41:22.728","FlowRate","2.500000","","BPM"
"2019-03-26 16:41:22.728","TotalBarrels","0","","bbl"
"2019-03-26 16:41:24.527","EngineRPM","250","","RPM"
"2019-03-26 16:41:24.527","OutletTemperature","50.000000","","fahrenheit"
"2019-03-26 16:41:24.527","HighPressure","625.000000","","psi"
"2019-03-26 16:41:24.527","LowPressure","31.000000","","psi"
"2019-03-26 16:41:24.828","FlowRate","2.500000","","BPM"
"2019-03-26 16:41:24.828","TotalBarrels","0","","bbl"
"2019-03-26 16:41:26.627","EngineRPM","250","","RPM"
"2019-03-26 16:41:26.627","OutletTemperature","50.000000","","fahrenheit"
"2019-03-26 16:41:26.627","HighPressure","625.000000","","psi"
"2019-03-26 16:41:26.627","LowPressure","31.000000","","psi"
"2019-03-26 16:41:26.928","FlowRate","2.500000","","BPM"
"2019-03-26 16:41:26.928","TotalBarrels","0","","bbl"
"2019-03-26 16:41:28.727","EngineRPM","250","","RPM"
"2019-03-26 16:41:28.727","OutletTemperature","50.000000","","fahrenheit"
"2019-03-26 16:41:28.727","HighPressure","625.000000","","psi"
"2019-03-26 16:41:28.727","LowPressure","31.000000","","psi"
"2019-03-26 16:41:29.028","FlowRate","2.500000","","BPM"
"2019-03-26 16:41:29.028","TotalBarrels","1","","bbl"
"2019-03-26 16:41:30.827","EngineRPM","250","","RPM"
"2019-03-26 16:41:30.827","OutletTemperature","50.000000","","fahrenheit"
"2019-03-26 16:41:30.827","HighPressure","625.000000","","psi"
"2019-03-26 16:41:30.827","LowPressure","31.000000","","psi"
"2019-03-26 16:41:31.128","FlowRate","2.500000","","BPM"
"2019-03-26 16:41:31.128","TotalBarrels","1","","bbl"
"2019-03-26 16:41:32.827","EngineRPM","250","","RPM"
"2019-03-26 16:41:32.827","OutletTemperature","50.000000","","fahrenheit"
"2019-03-26 16:41:32.827","HighPressure","625.000000","","psi"
"2019-03-26 16:41:32.827","LowPressure","31.000000","","psi"
"2019-03-26 16:41:33.128","FlowRate","2.500000","","BPM"
"2019-03-26 16:41:33.128","TotalBarrels","1","","bbl"
"2019-03-26 16:41:34.927","EngineRPM","250","","RPM"
"2019-03-26 16:41:34.927","OutletTemperature","50.000000","","fahrenheit"
"2019-03-26 16:41:34.927","HighPressure","625.000000","","psi"
"2019-03-26 16:41:34.927","LowPressure","31.000000","","psi"
"2019-03-26 16:41:35.228","FlowRate","2.500000","","BPM"
"2019-03-26 16:41:35.228","TotalBarrels","1","","bbl"
"2019-03-26 16:41:37.027","EngineRPM","250","","RPM"
"2019-03-26 16:41:37.027","OutletTemperature","50.000000","","fahrenheit"
"2019-03-26 16:41:37.027","HighPressure","625.000000","","psi"
"2019-03-26 16:41:37.027","LowPressure","31.000000","","psi"
"2019-03-26 16:41:37.328","FlowRate","2.500000","","BPM"
"2019-03-26 16:41:37.328","TotalBarrels","1","","bbl"
"2019-03-26 16:41:39.027","EngineRPM","250","","RPM"
"2019-03-26 16:41:39.027","OutletTemperature","50.000000","","fahrenheit"
"2019-03-26 16:41:39.027","HighPressure","625.000000","","psi"
"2019-03-26 16:41:39.027","LowPressure","31.000000","","psi"
"2019-03-26 16:41:39.428","FlowRate","2.500000","","BPM"
"2019-03-26 16:41:39.428","TotalBarrels","1","","bbl"
"2019-03-26 16:41:41.127","EngineRPM","250","","RPM"
"2019-03-26 16:41:41.127","OutletTemperature","50.000000","","fahrenheit"
"2019-03-26 16:41:41.127","HighPressure","625.000000","","psi"
"2019-03-26 16:41:41.127","LowPressure","31.000000","","psi"
"2019-03-26 16:41:41.528","FlowRate","2.500000","","BPM"
"2019-03-26 16:41:41.528","TotalBarrels","1","","bbl"
"2019-03-26 16:41:43.227","EngineRPM","250","","RPM"
"2019-03-26 16:41:43.227","OutletTemperature","50.000000","","fahrenheit"
"2019-03-26 16:41:43.227","HighPressure","625.000000","","psi"
"2019-03-26 16:41:43.227","LowPressure","31.000000","","psi"
"2019-03-26 16:41:43.628","FlowRate","2.500000","","BPM"
"2019-03-26 16:41:43.628","TotalBarrels","1","","bbl"
"2019-03-26 16:41:45.227","EngineRPM","250","","RPM"
"2019-03-26 16:41:45.227","OutletTemperature","50.000000","","fahrenheit"
"2019-03-26 16:41:45.227","HighPressure","625.000000","","psi"
"2019-03-26 16:41:45.227","LowPressure","31.000000","","psi"
"2019-03-26 16:41:45.628","FlowRate","2.500000","","BPM"
"2019-03-26 16:41:45.628","TotalBarrels","1","","bbl"
"2019-03-26 16:41:47.327","EngineRPM","250","","RPM"
"2019-03-26 16:41:47.327","OutletTemperature","50.000000","","fahrenheit"
"2019-03-26 16:41:47.327","HighPressure","625.000000","","psi"
"2019-03-26 16:41:47.327","LowPressure","31.000000","","psi"
"2019-03-26 16:41:47.727","FlowRate","2.500000","","BPM"
"2019-03-26 16:41:47.727","TotalBarrels","1","","bbl"
"2019-03-26 16:41:49.327","EngineRPM","250","","RPM"
"2019-03-26 16:41:49.327","OutletTemperature","50.000000","","fahrenheit"
"2019-03-26 16:41:49.327","HighPressure","625.000000","","psi"
"2019-03-26 16:41:49.327","LowPressure","31.000000","","psi"
"2019-03-26 16:41:49.727","FlowRate","2.500000","","BPM"
"2019-03-26 16:41:49.727","TotalBarrels","1","","bbl"
"2019-03-26 16:41:51.427","EngineRPM","250","","RPM"
"2019-03-26 16:41:51.427","OutletTemperature","50.000000","","fahrenheit"
"2019-03-26 16:41:51.427","HighPressure","625.000000","","psi"
"2019-03-26 16:41:51.427","LowPressure","31.000000","","psi"
"2019-03-26 16:41:51.827","FlowRate","2.500000","","BPM"
"2019-03-26 16:41:51.827","TotalBarrels","2","","bbl"
"2019-03-26 16:41:53.527","EngineRPM","250","","RPM"
"2019-03-26 16:41:53.527","OutletTemperature","50.000000","","fahrenheit"
"2019-03-26 16:41:53.527","HighPressure","625.000000","","psi"
"2019-03-26 16:41:53.527","LowPressure","31.000000","","psi"
"2019-03-26 16:41:53.927","FlowRate","2.500000","","BPM"
"2019-03-26 16:41:53.927","TotalBarrels","2","","bbl"
"2019-03-26 16:41:55.627","EngineRPM","250","","RPM"
"2019-03-26 16:41:55.627","OutletTemperature","50.000000","","fahrenheit"
"2019-03-26 16:41:55.627","HighPressure","625.000000","","psi"
"2019-03-26 16:41:55.627","LowPressure","31.000000","","psi"
"2019-03-26 16:41:56.027","FlowRate","2.500000","","BPM"
"2019-03-26 16:41:56.027","TotalBarrels","2","","bbl"
"2019-03-26 16:41:57.727","EngineRPM","250","","RPM"
"2019-03-26 16:41:57.727","OutletTemperature","50.000000","","fahrenheit"
"2019-03-26 16:41:57.727","HighPressure","625.000000","","psi"
"2019-03-26 16:41:57.727","LowPressure","31.000000","","psi"
"2019-03-26 16:41:58.127","FlowRate","2.500000","","BPM"
"2019-03-26 16:41:58.127","TotalBarrels","2","","bbl"
"2019-03-26 16:41:59.827","EngineRPM","250","","RPM"
"2019-03-26 16:41:59.827","OutletTemperature","50.000000","","fahrenheit"
"2019-03-26 16:41:59.827","HighPressure","625.000000","","psi"
"2019-03-26 16:41:59.827","LowPressure","31.000000","","psi"
"2019-03-26 16:42:00.227","FlowRate","2.500000","","BPM"
"2019-03-26 16:42:00.227","TotalBarrels","2","","bbl"
"2019-03-26 16:42:01.927","EngineRPM","250","","RPM"
"2019-03-26 16:42:01.927","OutletTemperature","50.000000","","fahrenheit"
"2019-03-26 16:42:01.927","HighPressure","625.000000","","psi"
"2019-03-26 16:42:01.927","LowPressure","31.000000","","psi"
"2019-03-26 16:42:02.228","FlowRate","2.500000","","BPM"
"2019-03-26 16:42:02.228","TotalBarrels","2","","bbl"
"2019-03-26 16:42:03.927","EngineRPM","250","","RPM"
"2019-03-26 16:42:03.927","OutletTemperature","50.000000","","fahrenheit"
"2019-03-26 16:42:03.927","HighPressure","625.000000","","psi"
"2019-03-26 16:42:03.927","LowPressure","31.000000","","psi"
"2019-03-26 16:42:04.327","FlowRate","2.500000","","BPM"
"2019-03-26 16:42:04.327","TotalBarrels","2","","bbl"
"2019-03-26 16:42:06.027","EngineRPM","250","","RPM"
"2019-03-26 16:42:06.027","OutletTemperature","50.000000","","fahrenheit"
"2019-03-26 16:42:06.027","HighPressure","625.000000","","psi"
"2019-03-26 16:42:06.027","LowPressure","31.000000","","psi"
"2019-03-26 16:42:06.327","FlowRate","2.500000","","BPM"
"2019-03-26 16:42:06.327","TotalBarrels","2","","bbl"
"2019-03-26 16:42:08.027","EngineRPM","250","","RPM"
"2019-03-26 16:42:08.027","OutletTemperature","50.000000","","fahrenheit"
"2019-03-26 16:42:08.027","HighPressure","625.000000","","psi"
"2019-03-26 16:42:08.027","LowPressure","31.000000","","psi"
"2019-03-26 16:42:08.427","FlowRate","2.500000","","BPM"
"2019-03-26 16:42:08.427","TotalBarrels","2","","bbl"
"2019-03-26 16:42:10.127","EngineRPM","250","","RPM"
"2019-03-26 16:42:10.127","OutletTemperature","50.000000","","fahrenheit"
"2019-03-26 16:42:10.127","HighPressure","625.000000","","psi"
"2019-03-26 16:42:10.127","LowPressure","31.000000","","psi"
"2019-03-26 16:42:10.527","FlowRate","2.500000","","BPM"
"2019-03-26 16:42:10.527","TotalBarrels","2","","bbl"
"2019-03-26 16:42:12.227","EngineRPM","250","","RPM"
"2019-03-26 16:42:12.227","OutletTemperature","50.000000","","fahrenheit"
"2019-03-26 16:42:12.227","HighPressure","625.000000","","psi"
"2019-03-26 16:42:12.227","LowPressure","31.000000","","psi"
"2019-03-26 16:42:12.627","FlowRate","2.500000","","BPM"
"2019-03-26 16:42:12.627","TotalBarrels","2","","bbl"
"2019-03-26 16:42:14.227","EngineRPM","250","","RPM"
"2019-03-26 16:42:14.227","OutletTemperature","50.000000","","fahrenheit"
"2019-03-26 16:42:14.227","HighPressure","625.000000","","psi"
"2019-03-26 16:42:14.227","LowPressure","31.000000","","psi"
"2019-03-26 16:42:14.627","FlowRate","2.500000","","BPM"
"2019-03-26 16:42:14.627","TotalBarrels","3","","bbl"
"2019-03-26 16:42:16.327","EngineRPM","250","","RPM"
"2019-03-26 16:42:16.327","OutletTemperature","50.000000","","fahrenheit"
"2019-03-26 16:42:16.327","HighPressure","625.000000","","psi"
"2019-03-26 16:42:16.327","LowPressure","31.000000","","psi"
"2019-03-26 16:42:16.727","FlowRate","2.500000","","BPM"
"2019-03-26 16:42:16.727","TotalBarrels","3","","bbl"
"2019-03-26 16:42:18.427","EngineRPM","250","","RPM"
"2019-03-26 16:42:18.427","OutletTemperature","50.000000","","fahrenheit"
"2019-03-26 16:42:18.427","HighPressure","625.000000","","psi"
"2019-03-26 16:42:18.427","LowPressure","31.000000","","psi"
"2019-03-26 16:42:18.827","FlowRate","2.500000","","BPM"
"2019-03-26 16:42:18.827","TotalBarrels","3","","bbl"
"2019-03-26 16:42:20.427","EngineRPM","250","","RPM"
"2019-03-26 16:42:20.427","OutletTemperature","50.000000","","fahrenheit"
"2019-03-26 16:42:20.427","HighPressure","625.000000","","psi"
"2019-03-26 16:42:20.427","LowPressure","31.000000","","psi"
"2019-03-26 16:42:20.927","FlowRate","2.500000","","BPM"
"2019-03-26 16:42:20.927","TotalBarrels","3","","bbl"
"2019-03-26 16:42:22.527","EngineRPM","250","","RPM"
"2019-03-26 16:42:22.527","OutletTemperature","50.000000","","fahrenheit"
"2019-03-26 16:42:22.527","HighPressure","625.000000","","psi"
"2019-03-26 16:42:22.527","LowPressure","31.000000","","psi"
"2019-03-26 16:42:23.027","FlowRate","2.500000","","BPM"
"2019-03-26 16:42:23.027","TotalBarrels","3","","bbl"
"2019-03-26 16:42:24.527","EngineRPM","250","","RPM"
"2019-03-26 16:42:24.527","OutletTemperature","50.000000","","fahrenheit"
"2019-03-26 16:42:24.527","HighPressure","625.000000","","psi"
"2019-03-26 16:42:24.527","LowPressure","31.000000","","psi"
"2019-03-26 16:42:25.127","FlowRate","2.500000","","BPM"
"2019-03-26 16:42:25.127","TotalBarrels","3","","bbl"
"2019-03-26 16:42:26.626","EngineRPM","250","","RPM"
"2019-03-26 16:42:26.626","OutletTemperature","50.000000","","fahrenheit"
"2019-03-26 16:42:26.626","HighPressure","625.000000","","psi"
"2019-03-26 16:42:26.626","LowPressure","31.000000","","psi"
"2019-03-26 16:42:27.127","FlowRate","2.500000","","BPM"
"2019-03-26 16:42:27.127","TotalBarrels","3","","bbl"
"2019-03-26 16:42:28.627","EngineRPM","250","","RPM"
"2019-03-26 16:42:28.627","OutletTemperature","50.000000","","fahrenheit"
"2019-03-26 16:42:28.627","HighPressure","625.000000","","psi"
"2019-03-26 16:42:28.627","LowPressure","31.000000","","psi"
"2019-03-26 16:42:29.227","FlowRate","2.500000","","BPM"
"2019-03-26 16:42:29.227","TotalBarrels","3","","bbl"
"2019-03-26 16:42:30.726","EngineRPM","250","","RPM"
"2019-03-26 16:42:30.726","OutletTemperature","50.000000","","fahrenheit"
"2019-03-26 16:42:30.726","HighPressure","625.000000","","psi"
"2019-03-26 16:42:30.726","LowPressure","31.000000","","psi"
"2019-03-26 16:42:31.327","FlowRate","2.500000","","BPM"
"2019-03-26 16:42:31.327","TotalBarrels","3","","bbl"
"2019-03-26 16:42:32.726","EngineRPM","250","","RPM"
"2019-03-26 16:42:32.726","OutletTemperature","50.000000","","fahrenheit"
"2019-03-26 16:42:32.726","HighPressure","625.000000","","psi"
"2019-03-26 16:42:32.726","LowPressure","31.000000","","psi"
"2019-03-26 16:42:33.427","FlowRate","2.500000","","BPM"
"2019-03-26 16:42:33.427","TotalBarrels","3","","bbl"
"2019-03-26 16:42:34.826","EngineRPM","250","","RPM"
"2019-03-26 16:42:34.826","OutletTemperature","50.000000","","fahrenheit"
"2019-03-26 16:42:34.826","HighPressure","625.000000","","psi"
"2019-03-26 16:42:34.826","LowPressure","31.000000","","psi"
"2019-03-26 16:42:35.527","FlowRate","2.500000","","BPM"
"2019-03-26 16:42:35.527","TotalBarrels","3","","bbl"
"2019-03-26 16:42:36.926","EngineRPM","250","","RPM"
"2019-03-26 16:42:36.926","OutletTemperature","50.000000","","fahrenheit"
"2019-03-26 16:42:36.926","HighPressure","625.000000","","psi"
"2019-03-26 16:42:36.926","LowPressure","31.000000","","psi"
"2019-03-26 16:42:37.528","FlowRate","2.500000","","BPM"
"2019-03-26 16:42:37.528","TotalBarrels","4","","bbl"
"2019-03-26 16:42:38.926","EngineRPM","250","","RPM"
"2019-03-26 16:42:38.926","OutletTemperature","50.000000","","fahrenheit"
"2019-03-26 16:42:38.926","HighPressure","625.000000","","psi"
"2019-03-26 16:42:38.926","LowPressure","31.000000","","psi"
"2019-03-26 16:42:39.627","FlowRate","2.500000","","BPM"
"2019-03-26 16:42:39.627","TotalBarrels","4","","bbl"
"2019-03-26 16:42:40.926","EngineRPM","250","","RPM"
"2019-03-26 16:42:40.926","OutletTemperature","50.000000","","fahrenheit"
"2019-03-26 16:42:40.926","HighPressure","625.000000","","psi"
"2019-03-26 16:42:40.926","LowPressure","31.000000","","psi"
"2019-03-26 16:42:41.727","FlowRate","2.500000","","BPM"
"2019-03-26 16:42:41.727","TotalBarrels","4","","bbl"
"2019-03-26 16:42:43.026","EngineRPM","250","","RPM"
"2019-03-26 16:42:43.026","OutletTemperature","50.000000","","fahrenheit"
"2019-03-26 16:42:43.026","HighPressure","625.000000","","psi"
"2019-03-26 16:42:43.026","LowPressure","31.000000","","psi"
"2019-03-26 16:42:43.727","FlowRate","2.500000","","BPM"
"2019-03-26 16:42:43.727","TotalBarrels","4","","bbl"
"2019-03-26 16:42:45.026","EngineRPM","250","","RPM"
"2019-03-26 16:42:45.026","OutletTemperature","50.000000","","fahrenheit"
"2019-03-26 16:42:45.026","HighPressure","625.000000","","psi"
"2019-03-26 16:42:45.026","LowPressure","31.000000","","psi"
"2019-03-26 16:42:45.827","FlowRate","2.500000","","BPM"
"2019-03-26 16:42:45.827","TotalBarrels","4","","bbl"
"2019-03-26 16:42:47.126","EngineRPM","250","","RPM"
"2019-03-26 16:42:47.126","OutletTemperature","50.000000","","fahrenheit"
"2019-03-26 16:42:47.126","HighPressure","625.000000","","psi"
"2019-03-26 16:42:47.126","LowPressure","31.000000","","psi"
"2019-03-26 16:42:47.927","FlowRate","2.500000","","BPM"
"2019-03-26 16:42:47.927","TotalBarrels","4","","bbl"
"2019-03-26 16:42:49.126","EngineRPM","250","","RPM"
"2019-03-26 16:42:49.126","OutletTemperature","50.000000","","fahrenheit"
"2019-03-26 16:42:49.126","HighPressure","625.000000","","psi"
"2019-03-26 16:42:49.126","LowPressure","31.000000","","psi"
"2019-03-26 16:42:50.027","FlowRate","2.500000","","BPM"
"2019-03-26 16:42:50.027","TotalBarrels","4","","bbl"
"2019-03-26 16:42:51.226","EngineRPM","250","","RPM"
"2019-03-26 16:42:51.226","OutletTemperature","50.000000","","fahrenheit"
"2019-03-26 16:42:51.226","HighPressure","625.000000","","psi"
"2019-03-26 16:42:51.226","LowPressure","31.000000","","psi"
"2019-03-26 16:42:52.027","FlowRate","2.500000","","BPM"
"2019-03-26 16:42:52.027","TotalBarrels","4","","bbl"
"2019-03-26 16:42:53.326","EngineRPM","250","","RPM"
"2019-03-26 16:42:53.326","OutletTemperature","50.000000","","fahrenheit"
"2019-03-26 16:42:53.326","HighPressure","625.000000","","psi"
"2019-03-26 16:42:53.326","LowPressure","31.000000","","psi"
"2019-03-26 16:42:54.127","FlowRate","2.500000","","BPM"
"2019-03-26 16:42:54.127","TotalBarrels","4","","bbl"
"2019-03-26 16:42:55.326","EngineRPM","250","","RPM"
"2019-03-26 16:42:55.326","OutletTemperature","50.000000","","fahrenheit"
"2019-03-26 16:42:55.326","HighPressure","625.000000","","psi"
"2019-03-26 16:42:55.326","LowPressure","31.000000","","psi"
"2019-03-26 16:42:56.127","FlowRate","2.500000","","BPM"
"2019-03-26 16:42:56.127","TotalBarrels","4","","bbl"
"2019-03-26 16:42:57.426","EngineRPM","250","","RPM"
"2019-03-26 16:42:57.426","OutletTemperature","50.000000","","fahrenheit"
"2019-03-26 16:42:57.426","HighPressure","625.000000","","psi"
"2019-03-26 16:42:57.426","LowPressure","31.000000","","psi"
"2019-03-26 16:42:58.227","FlowRate","2.500000","","BPM"
"2019-03-26 16:42:58.227","TotalBarrels","4","","bbl"
"2019-03-26 16:42:59.426","EngineRPM","250","","RPM"
"2019-03-26 16:42:59.426","OutletTemperature","50.000000","","fahrenheit"
"2019-03-26 16:42:59.426","HighPressure","625.000000","","psi"
"2019-03-26 16:42:59.426","LowPressure","31.000000","","psi"
"2019-03-26 16:43:00.327","FlowRate","2.500000","","BPM"
"2019-03-26 16:43:00.327","TotalBarrels","5","","bbl"
"2019-03-26 16:43:01.526","EngineRPM","250","","RPM"
"2019-03-26 16:43:01.526","OutletTemperature","50.000000","","fahrenheit"
"2019-03-26 16:43:01.526","HighPressure","625.000000","","psi"
"2019-03-26 16:43:01.526","LowPressure","31.000000","","psi"
"2019-03-26 16:43:02.427","FlowRate","2.500000","","BPM"
"2019-03-26 16:43:02.427","TotalBarrels","5","","bbl"
"2019-03-26 16:43:03.626","EngineRPM","250","","RPM"
"2019-03-26 16:43:03.626","OutletTemperature","50.000000","","fahrenheit"
"2019-03-26 16:43:03.626","HighPressure","625.000000","","psi"
"2019-03-26 16:43:03.626","LowPressure","31.000000","","psi"
"2019-03-26 16:43:04.527","FlowRate","2.500000","","BPM"
"2019-03-26 16:43:04.527","TotalBarrels","5","","bbl"
"2019-03-26 16:43:05.726","EngineRPM","250","","RPM"
"2019-03-26 16:43:05.726","OutletTemperature","50.000000","","fahrenheit"
"2019-03-26 16:43:05.726","HighPressure","625.000000","","psi"
"2019-03-26 16:43:05.726","LowPressure","31.000000","","psi"
"2019-03-26 16:43:06.627","FlowRate","2.500000","","BPM"
"2019-03-26 16:43:06.627","TotalBarrels","5","","bbl"
"2019-03-26 16:43:07.826","EngineRPM","250","","RPM"
"2019-03-26 16:43:07.826","OutletTemperature","50.000000","","fahrenheit"
"2019-03-26 16:43:07.826","HighPressure","625.000000","","psi"
"2019-03-26 16:43:07.826","LowPressure","31.000000","","psi"
"2019-03-26 16:43:08.727","FlowRate","2.500000","","BPM"
"2019-03-26 16:43:08.727","TotalBarrels","5","","bbl"
"2019-03-26 16:43:09.826","EngineRPM","250","","RPM"
"2019-03-26 16:43:09.826","OutletTemperature","50.000000","","fahrenheit"
"2019-03-26 16:43:09.826","HighPressure","625.000000","","psi"
"2019-03-26 16:43:09.826","LowPressure","31.000000","","psi"
"2019-03-26 16:43:10.827","FlowRate","2.500000","","BPM"
"2019-03-26 16:43:10.827","TotalBarrels","5","","bbl"
"2019-03-26 16:43:11.926","EngineRPM","250","","RPM"
"2019-03-26 16:43:11.926","OutletTemperature","50.000000","","fahrenheit"
"2019-03-26 16:43:11.926","HighPressure","625.000000","","psi"
"2019-03-26 16:43:11.926","LowPressure","31.000000","","psi"
"2019-03-26 16:43:12.927","FlowRate","2.500000","","BPM"
"2019-03-26 16:43:12.927","TotalBarrels","5","","bbl"
"2019-03-26 16:43:14.026","EngineRPM","250","","RPM"
"2019-03-26 16:43:14.026","OutletTemperature","50.000000","","fahrenheit"
"2019-03-26 16:43:14.026","HighPressure","625.000000","","psi"
"2019-03-26 16:43:14.026","LowPressure","31.000000","","psi"
"2019-03-26 16:43:14.927","FlowRate","2.500000","","BPM"
"2019-03-26 16:43:14.927","TotalBarrels","5","","bbl"
"2019-03-26 16:43:16.126","EngineRPM","250","","RPM"
"2019-03-26 16:43:16.126","OutletTemperature","50.000000","","fahrenheit"
"2019-03-26 16:43:16.126","HighPressure","625.000000","","psi"
"2019-03-26 16:43:16.126","LowPressure","31.000000","","psi"
"2019-03-26 16:43:17.027","FlowRate","2.500000","","BPM"
"2019-03-26 16:43:17.027","TotalBarrels","5","","bbl"
