time,name,value,enum,units
"2018-11-07 16:33:42.831","EngineRPM","0","","RPM"
"2018-11-07 16:33:42.831","OutletTemperature","0.000000","","fahrenheit"
"2018-11-07 16:33:42.831","HighPressure","0.000000","","psi"
"2018-11-07 16:33:42.831","LowPressure","0.000000","","psi"
"2018-11-07 16:33:42.833","FlowRate","0.000000","","BPM"
"2018-11-07 16:33:43.432","FlowRate","0.000000","","BPM"
"2018-11-07 16:33:43.932","FlowRate","0.000000","","BPM"
"2018-11-07 16:33:44.442","FlowRate","0.000000","","BPM"
"2018-11-07 16:33:45.032","FlowRate","0.000000","","BPM"
"2018-11-07 16:33:45.631","FlowRate","0.000000","","BPM"
"2018-11-07 16:33:46.232","FlowRate","0.000000","","BPM"
"2018-11-07 16:33:46.831","FlowRate","0.000000","","BPM"
"2018-11-07 16:33:47.332","FlowRate","0.000000","","BPM"
"2018-11-07 16:33:47.931","FlowRate","0.000000","","BPM"
"2018-11-07 16:33:48.432","FlowRate","0.000000","","BPM"
"2018-11-07 16:33:49.031","FlowRate","0.000000","","BPM"
"2018-11-07 16:33:49.531","FlowRate","0.000000","","BPM"
"2018-11-07 16:33:50.131","FlowRate","0.000000","","BPM"
"2018-11-07 16:33:50.631","FlowRate","0.000000","","BPM"
"2018-11-07 16:33:51.231","FlowRate","0.000000","","BPM"
"2018-11-07 16:33:51.832","FlowRate","0.000000","","BPM"
"2018-11-07 16:33:52.431","FlowRate","0.000000","","BPM"
"2018-11-07 16:33:53.031","FlowRate","0.000000","","BPM"
"2018-11-07 16:33:53.531","FlowRate","0.000000","","BPM"
"2018-11-07 16:33:54.131","FlowRate","0.000000","","BPM"
"2018-11-07 16:33:54.731","FlowRate","0.000000","","BPM"
"2018-11-07 16:33:55.231","FlowRate","0.000000","","BPM"
"2018-11-07 16:33:55.731","FlowRate","0.000000","","BPM"
"2018-11-07 16:33:56.331","FlowRate","0.000000","","BPM"
"2018-11-07 16:33:56.931","FlowRate","0.000000","","BPM"
"2018-11-07 16:33:57.531","FlowRate","0.000000","","BPM"
"2018-11-07 16:33:58.131","FlowRate","0.000000","","BPM"
"2018-11-07 16:33:58.631","FlowRate","0.000000","","BPM"
"2018-11-07 16:33:59.132","FlowRate","0.000000","","BPM"
"2018-11-07 16:33:59.731","FlowRate","0.000000","","BPM"
"2018-11-07 16:34:00.331","FlowRate","0.000000","","BPM"
"2018-11-07 16:34:00.931","FlowRate","0.000000","","BPM"
"2018-11-07 16:34:01.431","FlowRate","0.000000","","BPM"
"2018-11-07 16:34:02.031","FlowRate","0.000000","","BPM"
"2018-11-07 16:34:02.532","FlowRate","0.000000","","BPM"
"2018-11-07 16:34:03.131","FlowRate","0.000000","","BPM"
"2018-11-07 16:34:03.631","FlowRate","0.000000","","BPM"
"2018-11-07 16:34:04.134","FlowRate","0.000000","","BPM"
"2018-11-07 16:34:04.731","FlowRate","0.000000","","BPM"
"2018-11-07 16:34:05.231","FlowRate","3.100000","","BPM"
"2018-11-07 16:34:05.831","FlowRate","3.100000","","BPM"
"2018-11-07 16:34:06.431","FlowRate","3.100000","","BPM"
"2018-11-07 16:34:07.031","FlowRate","3.100000","","BPM"
"2018-11-07 16:34:07.531","FlowRate","3.100000","","BPM"
"2018-11-07 16:34:08.131","FlowRate","3.100000","","BPM"
"2018-11-07 16:34:08.731","FlowRate","3.100000","","BPM"
"2018-11-07 16:34:09.231","FlowRate","3.100000","","BPM"
"2018-11-07 16:34:09.831","FlowRate","3.100000","","BPM"
"2018-11-07 16:34:10.331","FlowRate","3.100000","","BPM"
"2018-11-07 16:34:10.831","FlowRate","3.100000","","BPM"
"2018-11-07 16:34:11.431","FlowRate","3.100000","","BPM"
"2018-11-07 16:34:11.931","FlowRate","3.100000","","BPM"
"2018-11-07 16:34:12.532","FlowRate","3.100000","","BPM"
"2018-11-07 16:34:13.131","FlowRate","3.100000","","BPM"
"2018-11-07 16:34:13.631","FlowRate","3.100000","","BPM"
"2018-11-07 16:34:14.131","FlowRate","3.100000","","BPM"
"2018-11-07 16:34:14.731","FlowRate","3.100000","","BPM"
"2018-11-07 16:34:15.331","FlowRate","3.100000","","BPM"
"2018-11-07 16:34:15.831","FlowRate","3.100000","","BPM"
"2018-11-07 16:34:16.431","FlowRate","3.100000","","BPM"
"2018-11-07 16:34:17.032","FlowRate","3.100000","","BPM"
"2018-11-07 16:34:17.632","FlowRate","3.100000","","BPM"
"2018-11-07 16:34:18.231","FlowRate","3.100000","","BPM"
"2018-11-07 16:34:18.732","FlowRate","3.100000","","BPM"
"2018-11-07 16:34:19.331","FlowRate","3.100000","","BPM"
"2018-11-07 16:34:19.833","FlowRate","3.100000","","BPM"
"2018-11-07 16:34:20.431","FlowRate","3.100000","","BPM"
"2018-11-07 16:34:20.932","FlowRate","3.100000","","BPM"
"2018-11-07 16:34:21.531","FlowRate","3.100000","","BPM"
"2018-11-07 16:34:22.131","FlowRate","3.100000","","BPM"
"2018-11-07 16:34:22.631","FlowRate","3.100000","","BPM"
"2018-11-07 16:34:23.231","FlowRate","3.100000","","BPM"
"2018-11-07 16:34:23.732","FlowRate","3.100000","","BPM"
"2018-11-07 16:34:24.331","FlowRate","3.100000","","BPM"
"2018-11-07 16:34:24.931","FlowRate","3.100000","","BPM"
"2018-11-07 16:34:25.531","FlowRate","3.100000","","BPM"
"2018-11-07 16:34:26.131","FlowRate","3.100000","","BPM"
"2018-11-07 16:34:26.731","FlowRate","3.100000","","BPM"
"2018-11-07 16:34:27.331","FlowRate","3.100000","","BPM"
"2018-11-07 16:34:27.831","FlowRate","3.100000","","BPM"
"2018-11-07 16:34:28.331","FlowRate","3.100000","","BPM"
"2018-11-07 16:34:28.931","FlowRate","3.100000","","BPM"
"2018-11-07 16:34:29.531","FlowRate","3.100000","","BPM"
"2018-11-07 16:34:30.131","FlowRate","3.100000","","BPM"
"2018-11-07 16:34:30.632","FlowRate","3.100000","","BPM"
"2018-11-07 16:34:31.231","FlowRate","3.100000","","BPM"
"2018-11-07 16:34:31.731","FlowRate","3.100000","","BPM"
"2018-11-07 16:34:32.231","FlowRate","3.100000","","BPM"
"2018-11-07 16:34:32.832","FlowRate","3.100000","","BPM"
"2018-11-07 16:34:33.431","FlowRate","3.100000","","BPM"
"2018-11-07 16:34:33.931","FlowRate","3.100000","","BPM"
"2018-11-07 16:34:34.531","FlowRate","3.100000","","BPM"
"2018-11-07 16:34:35.131","FlowRate","3.100000","","BPM"
"2018-11-07 16:34:35.633","FlowRate","3.100000","","BPM"
"2018-11-07 16:34:36.231","FlowRate","3.100000","","BPM"
"2018-11-07 16:34:36.732","FlowRate","3.100000","","BPM"
"2018-11-07 16:34:37.331","FlowRate","3.100000","","BPM"
"2018-11-07 16:34:37.831","FlowRate","3.100000","","BPM"
"2018-11-07 16:34:38.332","FlowRate","3.100000","","BPM"
"2018-11-07 16:34:38.931","FlowRate","3.100000","","BPM"
"2018-11-07 16:34:39.432","FlowRate","3.100000","","BPM"
"2018-11-07 16:34:40.031","FlowRate","3.100000","","BPM"
"2018-11-07 16:34:40.631","FlowRate","3.100000","","BPM"
"2018-11-07 16:34:41.131","FlowRate","3.100000","","BPM"
"2018-11-07 16:34:41.731","FlowRate","3.100000","","BPM"
"2018-11-07 16:34:42.231","FlowRate","3.100000","","BPM"
"2018-11-07 16:34:42.831","FlowRate","3.100000","","BPM"
"2018-11-07 16:34:43.431","FlowRate","3.100000","","BPM"
"2018-11-07 16:34:44.031","FlowRate","3.100000","","BPM"
"2018-11-07 16:34:44.531","FlowRate","3.100000","","BPM"
"2018-11-07 16:34:45.131","FlowRate","3.100000","","BPM"
"2018-11-07 16:34:45.731","FlowRate","3.100000","","BPM"
"2018-11-07 16:34:46.331","FlowRate","3.100000","","BPM"
"2018-11-07 16:34:46.831","FlowRate","3.100000","","BPM"
"2018-11-07 16:34:47.431","FlowRate","3.100000","","BPM"
"2018-11-07 16:34:48.031","FlowRate","3.100000","","BPM"
"2018-11-07 16:34:48.531","FlowRate","3.100000","","BPM"
"2018-11-07 16:34:49.131","FlowRate","3.100000","","BPM"
"2018-11-07 16:34:49.631","FlowRate","3.100000","","BPM"
"2018-11-07 16:34:50.231","FlowRate","3.100000","","BPM"
"2018-11-07 16:34:50.831","FlowRate","3.100000","","BPM"
"2018-11-07 16:34:51.331","FlowRate","3.100000","","BPM"
"2018-11-07 16:34:51.931","FlowRate","3.100000","","BPM"
"2018-11-07 16:34:52.431","FlowRate","3.100000","","BPM"
"2018-11-07 16:34:53.031","FlowRate","3.100000","","BPM"
"2018-11-07 16:34:53.531","FlowRate","3.100000","","BPM"
"2018-11-07 16:34:54.131","FlowRate","3.100000","","BPM"
"2018-11-07 16:34:54.731","FlowRate","3.100000","","BPM"
"2018-11-07 16:34:55.231","FlowRate","3.100000","","BPM"
"2018-11-07 16:34:55.731","FlowRate","3.100000","","BPM"
"2018-11-07 16:34:56.331","FlowRate","3.100000","","BPM"
"2018-11-07 16:34:56.931","FlowRate","3.100000","","BPM"
"2018-11-07 16:34:57.531","FlowRate","3.100000","","BPM"
"2018-11-07 16:34:58.131","FlowRate","3.100000","","BPM"
"2018-11-07 16:34:58.731","FlowRate","3.100000","","BPM"
"2018-11-07 16:34:59.331","FlowRate","3.100000","","BPM"
"2018-11-07 16:34:59.931","FlowRate","3.100000","","BPM"
"2018-11-07 16:35:00.432","FlowRate","3.100000","","BPM"
"2018-11-07 16:35:01.032","FlowRate","3.100000","","BPM"
"2018-11-07 16:35:01.631","FlowRate","3.100000","","BPM"
"2018-11-07 16:35:02.231","FlowRate","3.100000","","BPM"
"2018-11-07 16:35:02.831","FlowRate","3.100000","","BPM"
"2018-11-07 16:35:03.431","FlowRate","3.100000","","BPM"
"2018-11-07 16:35:04.031","FlowRate","3.100000","","BPM"
"2018-11-07 16:35:04.531","FlowRate","3.100000","","BPM"
"2018-11-07 16:35:05.131","FlowRate","3.100000","","BPM"
"2018-11-07 16:35:05.731","FlowRate","3.100000","","BPM"
"2018-11-07 16:35:06.331","FlowRate","3.100000","","BPM"
"2018-11-07 16:35:06.831","FlowRate","3.100000","","BPM"
"2018-11-07 16:35:07.431","FlowRate","3.100000","","BPM"
"2018-11-07 16:35:08.031","FlowRate","3.100000","","BPM"
"2018-11-07 16:35:08.531","FlowRate","3.100000","","BPM"
"2018-11-07 16:35:09.131","FlowRate","3.100000","","BPM"
"2018-11-07 16:35:09.731","FlowRate","3.100000","","BPM"
"2018-11-07 16:35:10.331","FlowRate","3.100000","","BPM"
"2018-11-07 16:35:10.931","FlowRate","3.100000","","BPM"
"2018-11-07 16:35:11.431","FlowRate","3.100000","","BPM"
"2018-11-07 16:35:11.931","FlowRate","3.100000","","BPM"
"2018-11-07 16:35:12.531","FlowRate","3.100000","","BPM"
"2018-11-07 16:35:13.131","FlowRate","3.100000","","BPM"
"2018-11-07 16:35:13.731","FlowRate","3.100000","","BPM"
"2018-11-07 16:35:14.331","FlowRate","3.100000","","BPM"
"2018-11-07 16:35:14.931","FlowRate","3.100000","","BPM"
"2018-11-07 16:35:15.431","FlowRate","3.100000","","BPM"
"2018-11-07 16:35:16.031","FlowRate","3.100000","","BPM"
"2018-11-07 16:35:16.531","FlowRate","3.100000","","BPM"
"2018-11-07 16:35:17.131","FlowRate","3.100000","","BPM"
"2018-11-07 16:35:17.631","FlowRate","3.100000","","BPM"
"2018-11-07 16:35:18.231","FlowRate","3.100000","","BPM"
"2018-11-07 16:35:18.731","FlowRate","3.100000","","BPM"
"2018-11-07 16:35:19.331","FlowRate","3.100000","","BPM"
"2018-11-07 16:35:19.931","FlowRate","3.100000","","BPM"
"2018-11-07 16:35:20.431","FlowRate","3.100000","","BPM"
"2018-11-07 16:35:21.031","FlowRate","3.100000","","BPM"
"2018-11-07 16:35:21.531","FlowRate","3.100000","","BPM"
"2018-11-07 16:35:22.031","FlowRate","3.100000","","BPM"
"2018-11-07 16:35:22.631","FlowRate","3.100000","","BPM"
"2018-11-07 16:35:23.131","FlowRate","3.100000","","BPM"
"2018-11-07 16:35:23.631","FlowRate","3.100000","","BPM"
"2018-11-07 16:35:24.231","FlowRate","3.100000","","BPM"
"2018-11-07 16:35:24.831","FlowRate","3.100000","","BPM"
"2018-11-07 16:35:25.331","FlowRate","3.100000","","BPM"
"2018-11-07 16:35:25.931","FlowRate","3.100000","","BPM"
"2018-11-07 16:35:26.431","FlowRate","3.100000","","BPM"
"2018-11-07 16:35:27.031","FlowRate","3.100000","","BPM"
"2018-11-07 16:35:27.531","FlowRate","3.100000","","BPM"
"2018-11-07 16:35:28.131","FlowRate","3.100000","","BPM"
"2018-11-07 16:35:28.631","FlowRate","3.100000","","BPM"
"2018-11-07 16:35:29.131","FlowRate","3.100000","","BPM"
"2018-11-07 16:35:29.631","FlowRate","3.100000","","BPM"
"2018-11-07 16:35:30.131","FlowRate","3.100000","","BPM"
"2018-11-07 16:35:30.731","FlowRate","3.100000","","BPM"
"2018-11-07 16:35:31.231","FlowRate","3.100000","","BPM"
"2018-11-07 16:35:31.831","FlowRate","3.100000","","BPM"
"2018-11-07 16:35:32.431","FlowRate","3.100000","","BPM"
"2018-11-07 16:35:33.031","FlowRate","3.100000","","BPM"
"2018-11-07 16:35:33.531","FlowRate","3.100000","","BPM"
"2018-11-07 16:35:34.131","FlowRate","3.100000","","BPM"
"2018-11-07 16:35:34.731","FlowRate","3.100000","","BPM"
"2018-11-07 16:35:35.331","FlowRate","3.100000","","BPM"
"2018-11-07 16:35:35.831","FlowRate","3.100000","","BPM"
"2018-11-07 16:35:36.331","FlowRate","3.100000","","BPM"
"2018-11-07 16:35:36.931","FlowRate","3.100000","","BPM"
"2018-11-07 16:35:37.431","FlowRate","3.100000","","BPM"
"2018-11-07 16:35:38.032","FlowRate","3.100000","","BPM"
"2018-11-07 16:35:38.631","FlowRate","3.100000","","BPM"
"2018-11-07 16:35:39.231","FlowRate","3.100000","","BPM"
"2018-11-07 16:35:39.831","FlowRate","3.100000","","BPM"
"2018-11-07 16:35:40.431","FlowRate","3.100000","","BPM"